{"D:\\Namaste React\\13- Time for Test\\src\\components\\Body.js": {"path":"D:\\Namaste React\\13- Time for Test\\src\\components\\Body.js","statementMap":{"0":{"start":{"line":8,"column":13},"end":{"line":121,"column":1}},"1":{"start":{"line":10,"column":55},"end":{"line":10,"column":67}},"2":{"start":{"line":11,"column":56},"end":{"line":11,"column":68}},"3":{"start":{"line":12,"column":41},"end":{"line":12,"column":53}},"4":{"start":{"line":15,"column":35},"end":{"line":15,"column":68}},"5":{"start":{"line":17,"column":4},"end":{"line":19,"column":10}},"6":{"start":{"line":18,"column":6},"end":{"line":18,"column":17}},"7":{"start":{"line":21,"column":22},"end":{"line":37,"column":5}},"8":{"start":{"line":22,"column":19},"end":{"line":22,"column":177}},"9":{"start":{"line":26,"column":19},"end":{"line":26,"column":36}},"10":{"start":{"line":29,"column":22},"end":{"line":29,"column":96}},"11":{"start":{"line":32,"column":6},"end":{"line":32,"column":35}},"12":{"start":{"line":33,"column":6},"end":{"line":33,"column":36}},"13":{"start":{"line":39,"column":24},"end":{"line":45,"column":5}},"14":{"start":{"line":40,"column":27},"end":{"line":40,"column":89}},"15":{"start":{"line":40,"column":61},"end":{"line":40,"column":88}},"16":{"start":{"line":42,"column":8},"end":{"line":42,"column":44}},"17":{"start":{"line":46,"column":25},"end":{"line":53,"column":5}},"18":{"start":{"line":47,"column":33},"end":{"line":49,"column":8}},"19":{"start":{"line":48,"column":8},"end":{"line":48,"column":80}},"20":{"start":{"line":52,"column":6},"end":{"line":52,"column":48}},"21":{"start":{"line":55,"column":29},"end":{"line":60,"column":3}},"22":{"start":{"line":56,"column":6},"end":{"line":56,"column":46}},"23":{"start":{"line":57,"column":6},"end":{"line":57,"column":23}},"24":{"start":{"line":62,"column":31},"end":{"line":64,"column":5}},"25":{"start":{"line":63,"column":6},"end":{"line":63,"column":35}},"26":{"start":{"line":66,"column":25},"end":{"line":66,"column":42}},"27":{"start":{"line":68,"column":4},"end":{"line":70,"column":5}},"28":{"start":{"line":69,"column":6},"end":{"line":69,"column":32}},"29":{"start":{"line":73,"column":4},"end":{"line":120,"column":6}},"30":{"start":{"line":105,"column":13},"end":{"line":113,"column":19}}},"fnMap":{"0":{"name":"(anonymous_0)","decl":{"start":{"line":8,"column":13},"end":{"line":8,"column":14}},"loc":{"start":{"line":8,"column":19},"end":{"line":121,"column":1}},"line":8},"1":{"name":"(anonymous_1)","decl":{"start":{"line":17,"column":14},"end":{"line":17,"column":15}},"loc":{"start":{"line":17,"column":20},"end":{"line":19,"column":5}},"line":17},"2":{"name":"(anonymous_2)","decl":{"start":{"line":21,"column":22},"end":{"line":21,"column":23}},"loc":{"start":{"line":21,"column":34},"end":{"line":37,"column":5}},"line":21},"3":{"name":"(anonymous_3)","decl":{"start":{"line":39,"column":24},"end":{"line":39,"column":25}},"loc":{"start":{"line":39,"column":30},"end":{"line":45,"column":5}},"line":39},"4":{"name":"(anonymous_4)","decl":{"start":{"line":40,"column":52},"end":{"line":40,"column":53}},"loc":{"start":{"line":40,"column":61},"end":{"line":40,"column":88}},"line":40},"5":{"name":"(anonymous_5)","decl":{"start":{"line":46,"column":25},"end":{"line":46,"column":26}},"loc":{"start":{"line":46,"column":31},"end":{"line":53,"column":5}},"line":46},"6":{"name":"(anonymous_6)","decl":{"start":{"line":47,"column":58},"end":{"line":47,"column":59}},"loc":{"start":{"line":47,"column":67},"end":{"line":49,"column":7}},"line":47},"7":{"name":"(anonymous_7)","decl":{"start":{"line":55,"column":29},"end":{"line":55,"column":30}},"loc":{"start":{"line":55,"column":35},"end":{"line":60,"column":3}},"line":55},"8":{"name":"(anonymous_8)","decl":{"start":{"line":62,"column":31},"end":{"line":62,"column":32}},"loc":{"start":{"line":62,"column":38},"end":{"line":64,"column":5}},"line":62},"9":{"name":"(anonymous_9)","decl":{"start":{"line":102,"column":35},"end":{"line":102,"column":36}},"loc":{"start":{"line":105,"column":13},"end":{"line":113,"column":19}},"line":105}},"branchMap":{"0":{"loc":{"start":{"line":68,"column":4},"end":{"line":70,"column":5}},"type":"if","locations":[{"start":{"line":68,"column":4},"end":{"line":70,"column":5}},{"start":{},"end":{}}],"line":68},"1":{"loc":{"start":{"line":73,"column":11},"end":{"line":120,"column":5}},"type":"cond-expr","locations":[{"start":{"line":74,"column":6},"end":{"line":74,"column":17}},{"start":{"line":77,"column":6},"end":{"line":119,"column":12}}],"line":73},"2":{"loc":{"start":{"line":110,"column":15},"end":{"line":110,"column":126}},"type":"cond-expr","locations":[{"start":{"line":110,"column":45},"end":{"line":110,"column":87}},{"start":{"line":110,"column":90},"end":{"line":110,"column":126}}],"line":110}},"s":{"0":1,"1":7,"2":7,"3":7,"4":7,"5":7,"6":2,"7":7,"8":2,"9":2,"10":2,"11":2,"12":2,"13":7,"14":1,"15":9,"16":1,"17":7,"18":1,"19":9,"20":1,"21":7,"22":0,"23":0,"24":7,"25":1,"26":7,"27":7,"28":0,"29":7,"30":35},"f":{"0":7,"1":2,"2":2,"3":1,"4":9,"5":1,"6":9,"7":0,"8":1,"9":35},"b":{"0":[0,7],"1":[2,5],"2":[28,7]},"_coverageSchema":"1a1c01bbd47fc00a2c39e90264f33305004495a9","hash":"75f6cb016ebc255544405fa8d6a522e189a56c2c"}
,"D:\\Namaste React\\13- Time for Test\\src\\components\\Cart.js": {"path":"D:\\Namaste React\\13- Time for Test\\src\\components\\Cart.js","statementMap":{"0":{"start":{"line":7,"column":13},"end":{"line":45,"column":1}},"1":{"start":{"line":10,"column":20},"end":{"line":10,"column":60}},"2":{"start":{"line":10,"column":43},"end":{"line":10,"column":59}},"3":{"start":{"line":12,"column":2},"end":{"line":12,"column":39}},"4":{"start":{"line":14,"column":19},"end":{"line":14,"column":32}},"5":{"start":{"line":17,"column":26},"end":{"line":19,"column":3}},"6":{"start":{"line":18,"column":4},"end":{"line":18,"column":26}},"7":{"start":{"line":21,"column":2},"end":{"line":44,"column":3}}},"fnMap":{"0":{"name":"(anonymous_0)","decl":{"start":{"line":7,"column":13},"end":{"line":7,"column":14}},"loc":{"start":{"line":7,"column":19},"end":{"line":45,"column":1}},"line":7},"1":{"name":"(anonymous_1)","decl":{"start":{"line":10,"column":32},"end":{"line":10,"column":33}},"loc":{"start":{"line":10,"column":43},"end":{"line":10,"column":59}},"line":10},"2":{"name":"(anonymous_2)","decl":{"start":{"line":17,"column":26},"end":{"line":17,"column":27}},"loc":{"start":{"line":17,"column":32},"end":{"line":19,"column":3}},"line":17}},"branchMap":{"0":{"loc":{"start":{"line":36,"column":9},"end":{"line":38,"column":9}},"type":"binary-expr","locations":[{"start":{"line":36,"column":9},"end":{"line":36,"column":32}},{"start":{"line":37,"column":10},"end":{"line":37,"column":101}}],"line":36}},"s":{"0":1,"1":4,"2":8,"3":4,"4":4,"5":4,"6":1,"7":4},"f":{"0":4,"1":8,"2":1},"b":{"0":[4,2]},"_coverageSchema":"1a1c01bbd47fc00a2c39e90264f33305004495a9","hash":"45909e13c22db0a3660b9fe510c8b1273a00021d"}
,"D:\\Namaste React\\13- Time for Test\\src\\components\\Contact.js": {"path":"D:\\Namaste React\\13- Time for Test\\src\\components\\Contact.js","statementMap":{"0":{"start":{"line":3,"column":16},"end":{"line":121,"column":1}},"1":{"start":{"line":4,"column":4},"end":{"line":120,"column":5}}},"fnMap":{"0":{"name":"(anonymous_0)","decl":{"start":{"line":3,"column":16},"end":{"line":3,"column":17}},"loc":{"start":{"line":3,"column":22},"end":{"line":121,"column":1}},"line":3}},"branchMap":{},"s":{"0":1,"1":2},"f":{"0":2},"b":{},"_coverageSchema":"1a1c01bbd47fc00a2c39e90264f33305004495a9","hash":"97eb5451082878ce4b3f308b9286a940e4b1500c"}
,"D:\\Namaste React\\13- Time for Test\\src\\components\\Header.js": {"path":"D:\\Namaste React\\13- Time for Test\\src\\components\\Header.js","statementMap":{"0":{"start":{"line":8,"column":15},"end":{"line":40,"column":1}},"1":{"start":{"line":14,"column":22},"end":{"line":14,"column":62}},"2":{"start":{"line":14,"column":45},"end":{"line":14,"column":61}},"3":{"start":{"line":17,"column":25},"end":{"line":17,"column":42}},"4":{"start":{"line":18,"column":17},"end":{"line":18,"column":40}},"5":{"start":{"line":20,"column":4},"end":{"line":39,"column":5}}},"fnMap":{"0":{"name":"(anonymous_0)","decl":{"start":{"line":8,"column":15},"end":{"line":8,"column":16}},"loc":{"start":{"line":8,"column":21},"end":{"line":40,"column":1}},"line":8},"1":{"name":"(anonymous_1)","decl":{"start":{"line":14,"column":34},"end":{"line":14,"column":35}},"loc":{"start":{"line":14,"column":45},"end":{"line":14,"column":61}},"line":14}},"branchMap":{"0":{"loc":{"start":{"line":28,"column":77},"end":{"line":28,"column":103}},"type":"cond-expr","locations":[{"start":{"line":28,"column":92},"end":{"line":28,"column":96}},{"start":{"line":28,"column":99},"end":{"line":28,"column":103}}],"line":28}},"s":{"0":2,"1":7,"2":14,"3":7,"4":7,"5":7},"f":{"0":7,"1":14},"b":{"0":[7,0]},"_coverageSchema":"1a1c01bbd47fc00a2c39e90264f33305004495a9","hash":"76ce6402fcda0680b1f975a4156135dfb311f3ee"}
,"D:\\Namaste React\\13- Time for Test\\src\\components\\ItemList.js": {"path":"D:\\Namaste React\\13- Time for Test\\src\\components\\ItemList.js","statementMap":{"0":{"start":{"line":8,"column":17},"end":{"line":137,"column":1}},"1":{"start":{"line":9,"column":19},"end":{"line":9,"column":32}},"2":{"start":{"line":10,"column":38},"end":{"line":10,"column":49}},"3":{"start":{"line":11,"column":2},"end":{"line":11,"column":32}},"4":{"start":{"line":40,"column":23},"end":{"line":48,"column":3}},"5":{"start":{"line":41,"column":4},"end":{"line":47,"column":5}},"6":{"start":{"line":42,"column":6},"end":{"line":42,"column":37}},"7":{"start":{"line":45,"column":6},"end":{"line":45,"column":32}},"8":{"start":{"line":50,"column":2},"end":{"line":58,"column":14}},"9":{"start":{"line":51,"column":16},"end":{"line":51,"column":17}},"10":{"start":{"line":52,"column":4},"end":{"line":56,"column":7}},"11":{"start":{"line":53,"column":6},"end":{"line":55,"column":44}},"12":{"start":{"line":57,"column":4},"end":{"line":57,"column":25}},"13":{"start":{"line":61,"column":2},"end":{"line":136,"column":4}},"14":{"start":{"line":67,"column":8},"end":{"line":113,"column":14}},"15":{"start":{"line":99,"column":33},"end":{"line":99,"column":51}},"16":{"start":{"line":106,"column":33},"end":{"line":106,"column":51}}},"fnMap":{"0":{"name":"(anonymous_0)","decl":{"start":{"line":8,"column":17},"end":{"line":8,"column":18}},"loc":{"start":{"line":8,"column":40},"end":{"line":137,"column":1}},"line":8},"1":{"name":"(anonymous_1)","decl":{"start":{"line":40,"column":23},"end":{"line":40,"column":24}},"loc":{"start":{"line":40,"column":33},"end":{"line":48,"column":3}},"line":40},"2":{"name":"(anonymous_2)","decl":{"start":{"line":50,"column":12},"end":{"line":50,"column":13}},"loc":{"start":{"line":50,"column":18},"end":{"line":58,"column":3}},"line":50},"3":{"name":"(anonymous_3)","decl":{"start":{"line":52,"column":18},"end":{"line":52,"column":19}},"loc":{"start":{"line":52,"column":28},"end":{"line":56,"column":5}},"line":52},"4":{"name":"(anonymous_4)","decl":{"start":{"line":66,"column":17},"end":{"line":66,"column":18}},"loc":{"start":{"line":67,"column":8},"end":{"line":113,"column":14}},"line":67},"5":{"name":"(anonymous_5)","decl":{"start":{"line":99,"column":27},"end":{"line":99,"column":28}},"loc":{"start":{"line":99,"column":33},"end":{"line":99,"column":51}},"line":99},"6":{"name":"(anonymous_6)","decl":{"start":{"line":106,"column":27},"end":{"line":106,"column":28}},"loc":{"start":{"line":106,"column":33},"end":{"line":106,"column":51}},"line":106}},"branchMap":{"0":{"loc":{"start":{"line":41,"column":4},"end":{"line":47,"column":5}},"type":"if","locations":[{"start":{"line":41,"column":4},"end":{"line":47,"column":5}},{"start":{"line":44,"column":11},"end":{"line":47,"column":5}}],"line":41},"1":{"loc":{"start":{"line":53,"column":15},"end":{"line":55,"column":43}},"type":"cond-expr","locations":[{"start":{"line":54,"column":10},"end":{"line":54,"column":36}},{"start":{"line":55,"column":10},"end":{"line":55,"column":43}}],"line":53},"2":{"loc":{"start":{"line":77,"column":18},"end":{"line":77,"column":103}},"type":"cond-expr","locations":[{"start":{"line":77,"column":41},"end":{"line":77,"column":67}},{"start":{"line":77,"column":70},"end":{"line":77,"column":103}}],"line":77},"3":{"loc":{"start":{"line":85,"column":15},"end":{"line":95,"column":15}},"type":"cond-expr","locations":[{"start":{"line":86,"column":16},"end":{"line":90,"column":18}},{"start":{"line":92,"column":16},"end":{"line":94,"column":22}}],"line":85},"4":{"loc":{"start":{"line":96,"column":15},"end":{"line":110,"column":15}},"type":"cond-expr","locations":[{"start":{"line":97,"column":16},"end":{"line":102,"column":25}},{"start":{"line":104,"column":16},"end":{"line":109,"column":25}}],"line":96},"5":{"loc":{"start":{"line":117,"column":2},"end":{"line":119,"column":6}},"type":"binary-expr","locations":[{"start":{"line":117,"column":2},"end":{"line":117,"column":8}},{"start":{"line":117,"column":11},"end":{"line":119,"column":6}}],"line":117},"6":{"loc":{"start":{"line":118,"column":4},"end":{"line":118,"column":110}},"type":"cond-expr","locations":[{"start":{"line":118,"column":23},"end":{"line":118,"column":103}},{"start":{"line":118,"column":106},"end":{"line":118,"column":110}}],"line":118}},"s":{"0":1,"1":9,"2":9,"3":9,"4":9,"5":2,"6":0,"7":2,"8":9,"9":5,"10":5,"11":19,"12":5,"13":9,"14":38,"15":0,"16":2},"f":{"0":9,"1":2,"2":5,"3":19,"4":38,"5":0,"6":2},"b":{"0":[0,2],"1":[19,0],"2":[38,0],"3":[38,0],"4":[6,32],"5":[9,7],"6":[4,3]},"_coverageSchema":"1a1c01bbd47fc00a2c39e90264f33305004495a9","hash":"4d82210a14bf4d3fa33511596d1aa3084bdc0335"}
,"D:\\Namaste React\\13- Time for Test\\src\\components\\RestaurantCard.js": {"path":"D:\\Namaste React\\13- Time for Test\\src\\components\\RestaurantCard.js","statementMap":{"0":{"start":{"line":2,"column":23},"end":{"line":35,"column":1}},"1":{"start":{"line":4,"column":24},"end":{"line":4,"column":29}},"2":{"start":{"line":15,"column":12},"end":{"line":15,"column":25}},"3":{"start":{"line":17,"column":26},"end":{"line":17,"column":44}},"4":{"start":{"line":22,"column":4},"end":{"line":34,"column":5}},"5":{"start":{"line":41,"column":33},"end":{"line":53,"column":1}},"6":{"start":{"line":43,"column":4},"end":{"line":52,"column":5}},"7":{"start":{"line":45,"column":8},"end":{"line":50,"column":9}}},"fnMap":{"0":{"name":"(anonymous_0)","decl":{"start":{"line":2,"column":23},"end":{"line":2,"column":24}},"loc":{"start":{"line":2,"column":34},"end":{"line":35,"column":1}},"line":2},"1":{"name":"(anonymous_1)","decl":{"start":{"line":41,"column":33},"end":{"line":41,"column":34}},"loc":{"start":{"line":41,"column":53},"end":{"line":53,"column":1}},"line":41},"2":{"name":"(anonymous_2)","decl":{"start":{"line":43,"column":11},"end":{"line":43,"column":12}},"loc":{"start":{"line":43,"column":22},"end":{"line":52,"column":5}},"line":43}},"branchMap":{"0":{"loc":{"start":{"line":30,"column":53},"end":{"line":30,"column":103}},"type":"cond-expr","locations":[{"start":{"line":30,"column":70},"end":{"line":30,"column":85}},{"start":{"line":30,"column":88},"end":{"line":30,"column":103}}],"line":30}},"s":{"0":2,"1":36,"2":36,"3":36,"4":36,"5":2,"6":7,"7":28},"f":{"0":36,"1":7,"2":28},"b":{"0":[36,0]},"_coverageSchema":"1a1c01bbd47fc00a2c39e90264f33305004495a9","hash":"86f67ad67e5972d6a377703b590e10823f75e811"}
,"D:\\Namaste React\\13- Time for Test\\src\\components\\RestaurantMenu.js": {"path":"D:\\Namaste React\\13- Time for Test\\src\\components\\RestaurantMenu.js","statementMap":{"0":{"start":{"line":7,"column":23},"end":{"line":73,"column":1}},"1":{"start":{"line":12,"column":17},"end":{"line":12,"column":28}},"2":{"start":{"line":14,"column":27},"end":{"line":14,"column":48}},"3":{"start":{"line":16,"column":39},"end":{"line":16,"column":53}},"4":{"start":{"line":24,"column":23},"end":{"line":24,"column":115}},"5":{"start":{"line":33,"column":3},"end":{"line":33,"column":83}},"6":{"start":{"line":36,"column":3},"end":{"line":40,"column":5}},"7":{"start":{"line":38,"column":8},"end":{"line":39,"column":70}},"8":{"start":{"line":41,"column":2},"end":{"line":41,"column":43}},"9":{"start":{"line":43,"column":3},"end":{"line":43,"column":35}},"10":{"start":{"line":43,"column":18},"end":{"line":43,"column":35}},"11":{"start":{"line":45,"column":2},"end":{"line":72,"column":3}},"12":{"start":{"line":59,"column":10},"end":{"line":66,"column":12}},"13":{"start":{"line":63,"column":30},"end":{"line":63,"column":49}}},"fnMap":{"0":{"name":"(anonymous_0)","decl":{"start":{"line":7,"column":23},"end":{"line":7,"column":24}},"loc":{"start":{"line":7,"column":29},"end":{"line":73,"column":1}},"line":7},"1":{"name":"(anonymous_1)","decl":{"start":{"line":37,"column":6},"end":{"line":37,"column":7}},"loc":{"start":{"line":38,"column":8},"end":{"line":39,"column":70}},"line":38},"2":{"name":"(anonymous_2)","decl":{"start":{"line":58,"column":24},"end":{"line":58,"column":25}},"loc":{"start":{"line":59,"column":10},"end":{"line":66,"column":12}},"line":59},"3":{"name":"(anonymous_3)","decl":{"start":{"line":63,"column":24},"end":{"line":63,"column":25}},"loc":{"start":{"line":63,"column":30},"end":{"line":63,"column":49}},"line":63}},"branchMap":{"0":{"loc":{"start":{"line":43,"column":3},"end":{"line":43,"column":35}},"type":"if","locations":[{"start":{"line":43,"column":3},"end":{"line":43,"column":35}},{"start":{},"end":{}}],"line":43},"1":{"loc":{"start":{"line":62,"column":21},"end":{"line":62,"column":55}},"type":"cond-expr","locations":[{"start":{"line":62,"column":43},"end":{"line":62,"column":47}},{"start":{"line":62,"column":50},"end":{"line":62,"column":55}}],"line":62}},"s":{"0":1,"1":3,"2":3,"3":3,"4":3,"5":3,"6":3,"7":28,"8":3,"9":3,"10":1,"11":2,"12":22,"13":2},"f":{"0":3,"1":28,"2":22,"3":2},"b":{"0":[1,2],"1":[1,21]},"_coverageSchema":"1a1c01bbd47fc00a2c39e90264f33305004495a9","hash":"f1b24c0491b81f70257f4acea107ca0cabc52a3b"}
,"D:\\Namaste React\\13- Time for Test\\src\\components\\ResturantCategory.js": {"path":"D:\\Namaste React\\13- Time for Test\\src\\components\\ResturantCategory.js","statementMap":{"0":{"start":{"line":4,"column":26},"end":{"line":34,"column":1}},"1":{"start":{"line":7,"column":22},"end":{"line":15,"column":3}},"2":{"start":{"line":8,"column":4},"end":{"line":8,"column":41}},"3":{"start":{"line":9,"column":4},"end":{"line":9,"column":48}},"4":{"start":{"line":10,"column":4},"end":{"line":14,"column":5}},"5":{"start":{"line":11,"column":6},"end":{"line":11,"column":26}},"6":{"start":{"line":13,"column":6},"end":{"line":13,"column":25}},"7":{"start":{"line":18,"column":2},"end":{"line":33,"column":4}}},"fnMap":{"0":{"name":"(anonymous_0)","decl":{"start":{"line":4,"column":26},"end":{"line":4,"column":27}},"loc":{"start":{"line":4,"column":86},"end":{"line":34,"column":1}},"line":4},"1":{"name":"(anonymous_1)","decl":{"start":{"line":7,"column":22},"end":{"line":7,"column":23}},"loc":{"start":{"line":7,"column":28},"end":{"line":15,"column":3}},"line":7}},"branchMap":{"0":{"loc":{"start":{"line":10,"column":4},"end":{"line":14,"column":5}},"type":"if","locations":[{"start":{"line":10,"column":4},"end":{"line":14,"column":5}},{"start":{"line":12,"column":11},"end":{"line":14,"column":5}}],"line":10},"1":{"loc":{"start":{"line":10,"column":8},"end":{"line":10,"column":55}},"type":"binary-expr","locations":[{"start":{"line":10,"column":8},"end":{"line":10,"column":29}},{"start":{"line":10,"column":33},"end":{"line":10,"column":55}}],"line":10},"2":{"loc":{"start":{"line":30,"column":9},"end":{"line":30,"column":72}},"type":"binary-expr","locations":[{"start":{"line":30,"column":9},"end":{"line":30,"column":18}},{"start":{"line":30,"column":22},"end":{"line":30,"column":72}}],"line":30}},"s":{"0":1,"1":22,"2":2,"3":2,"4":2,"5":1,"6":1,"7":22},"f":{"0":22,"1":2},"b":{"0":[1,1],"1":[2,1],"2":[22,1]},"_coverageSchema":"1a1c01bbd47fc00a2c39e90264f33305004495a9","hash":"6f9ae38c0b77257348a0bb6ebb1e7778078091ea"}
,"D:\\Namaste React\\13- Time for Test\\src\\components\\Shimmer.js": {"path":"D:\\Namaste React\\13- Time for Test\\src\\components\\Shimmer.js","statementMap":{"0":{"start":{"line":1,"column":16},"end":{"line":22,"column":1}},"1":{"start":{"line":3,"column":4},"end":{"line":21,"column":5}}},"fnMap":{"0":{"name":"(anonymous_0)","decl":{"start":{"line":1,"column":16},"end":{"line":1,"column":17}},"loc":{"start":{"line":1,"column":22},"end":{"line":22,"column":1}},"line":1}},"branchMap":{},"s":{"0":2,"1":3},"f":{"0":3},"b":{},"_coverageSchema":"1a1c01bbd47fc00a2c39e90264f33305004495a9","hash":"bc75fdc7edf784d67dc98ad9bbc4027e6743cd4d"}
,"D:\\Namaste React\\13- Time for Test\\src\\components\\Sum.js": {"path":"D:\\Namaste React\\13- Time for Test\\src\\components\\Sum.js","statementMap":{"0":{"start":{"line":1,"column":19},"end":{"line":3,"column":3}},"1":{"start":{"line":2,"column":4},"end":{"line":2,"column":17}}},"fnMap":{"0":{"name":"(anonymous_0)","decl":{"start":{"line":1,"column":19},"end":{"line":1,"column":20}},"loc":{"start":{"line":1,"column":29},"end":{"line":3,"column":3}},"line":1}},"branchMap":{},"s":{"0":1,"1":1},"f":{"0":1},"b":{},"_coverageSchema":"1a1c01bbd47fc00a2c39e90264f33305004495a9","hash":"901e7bd2a7176d6ba6e36b8955d7f03adb478c20"}
,"D:\\Namaste React\\13- Time for Test\\src\\context\\UserContext.js": {"path":"D:\\Namaste React\\13- Time for Test\\src\\context\\UserContext.js","statementMap":{"0":{"start":{"line":3,"column":20},"end":{"line":7,"column":1}}},"fnMap":{},"branchMap":{},"s":{"0":2},"f":{},"b":{},"_coverageSchema":"1a1c01bbd47fc00a2c39e90264f33305004495a9","hash":"bbf9ae89d967ae1c1ec9a3fbe0dc6d96f4d0a5fe"}
,"D:\\Namaste React\\13- Time for Test\\src\\slices\\cartSlice.js": {"path":"D:\\Namaste React\\13- Time for Test\\src\\slices\\cartSlice.js","statementMap":{"0":{"start":{"line":3,"column":18},"end":{"line":20,"column":2}},"1":{"start":{"line":10,"column":12},"end":{"line":10,"column":58}},"2":{"start":{"line":13,"column":12},"end":{"line":13,"column":105}},"3":{"start":{"line":13,"column":55},"end":{"line":13,"column":104}},"4":{"start":{"line":16,"column":12},"end":{"line":16,"column":28}},"5":{"start":{"line":22,"column":56},"end":{"line":22,"column":73}}},"fnMap":{"0":{"name":"(anonymous_0)","decl":{"start":{"line":9,"column":19},"end":{"line":9,"column":20}},"loc":{"start":{"line":9,"column":38},"end":{"line":11,"column":9}},"line":9},"1":{"name":"(anonymous_1)","decl":{"start":{"line":12,"column":24},"end":{"line":12,"column":25}},"loc":{"start":{"line":12,"column":43},"end":{"line":14,"column":9}},"line":12},"2":{"name":"(anonymous_2)","decl":{"start":{"line":13,"column":45},"end":{"line":13,"column":46}},"loc":{"start":{"line":13,"column":55},"end":{"line":13,"column":104}},"line":13},"3":{"name":"(anonymous_3)","decl":{"start":{"line":15,"column":19},"end":{"line":15,"column":20}},"loc":{"start":{"line":15,"column":30},"end":{"line":18,"column":9}},"line":15}},"branchMap":{},"s":{"0":2,"1":2,"2":0,"3":0,"4":1,"5":2},"f":{"0":2,"1":0,"2":0,"3":1},"b":{},"_coverageSchema":"1a1c01bbd47fc00a2c39e90264f33305004495a9","hash":"f3f63e9007a56a4412ecf6063de62864eb6d1efc"}
,"D:\\Namaste React\\13- Time for Test\\src\\utils\\constants.js": {"path":"D:\\Namaste React\\13- Time for Test\\src\\utils\\constants.js","statementMap":{"0":{"start":{"line":1,"column":16},"end":{"line":1,"column":99}},"1":{"start":{"line":3,"column":17},"end":{"line":3,"column":74}}},"fnMap":{},"branchMap":{},"s":{"0":4,"1":4},"f":{},"b":{},"_coverageSchema":"1a1c01bbd47fc00a2c39e90264f33305004495a9","hash":"a5130298053bbb4e666c09d049871cf6559d3a3b"}
,"D:\\Namaste React\\13- Time for Test\\src\\utils\\useOnlineStatus.js": {"path":"D:\\Namaste React\\13- Time for Test\\src\\utils\\useOnlineStatus.js","statementMap":{"0":{"start":{"line":2,"column":24},"end":{"line":14,"column":1}},"1":{"start":{"line":4,"column":36},"end":{"line":4,"column":50}},"2":{"start":{"line":6,"column":4},"end":{"line":11,"column":6}},"3":{"start":{"line":8,"column":8},"end":{"line":10,"column":6}},"4":{"start":{"line":9,"column":12},"end":{"line":9,"column":30}},"5":{"start":{"line":13,"column":4},"end":{"line":13,"column":19}}},"fnMap":{"0":{"name":"(anonymous_0)","decl":{"start":{"line":2,"column":24},"end":{"line":2,"column":25}},"loc":{"start":{"line":2,"column":30},"end":{"line":14,"column":1}},"line":2},"1":{"name":"(anonymous_1)","decl":{"start":{"line":6,"column":14},"end":{"line":6,"column":15}},"loc":{"start":{"line":6,"column":20},"end":{"line":11,"column":1}},"line":6},"2":{"name":"(anonymous_2)","decl":{"start":{"line":8,"column":43},"end":{"line":8,"column":44}},"loc":{"start":{"line":8,"column":49},"end":{"line":10,"column":5}},"line":8}},"branchMap":{},"s":{"0":3,"1":14,"2":14,"3":6,"4":0,"5":14},"f":{"0":14,"1":6,"2":0},"b":{},"_coverageSchema":"1a1c01bbd47fc00a2c39e90264f33305004495a9","hash":"d938f331a2f9f1f5be4834e4d75f91ce661bc889"}
,"D:\\Namaste React\\13- Time for Test\\src\\utils\\useRestaurantMenu.js": {"path":"D:\\Namaste React\\13- Time for Test\\src\\utils\\useRestaurantMenu.js","statementMap":{"0":{"start":{"line":2,"column":26},"end":{"line":23,"column":1}},"1":{"start":{"line":4,"column":51},"end":{"line":4,"column":65}},"2":{"start":{"line":7,"column":22},"end":{"line":15,"column":7}},"3":{"start":{"line":8,"column":21},"end":{"line":8,"column":167}},"4":{"start":{"line":10,"column":17},"end":{"line":10,"column":34}},"5":{"start":{"line":11,"column":4},"end":{"line":11,"column":33}},"6":{"start":{"line":12,"column":4},"end":{"line":12,"column":32}},"7":{"start":{"line":17,"column":4},"end":{"line":19,"column":9}},"8":{"start":{"line":18,"column":8},"end":{"line":18,"column":19}},"9":{"start":{"line":21,"column":4},"end":{"line":21,"column":25}}},"fnMap":{"0":{"name":"(anonymous_0)","decl":{"start":{"line":2,"column":26},"end":{"line":2,"column":27}},"loc":{"start":{"line":2,"column":34},"end":{"line":23,"column":1}},"line":2},"1":{"name":"(anonymous_1)","decl":{"start":{"line":7,"column":22},"end":{"line":7,"column":23}},"loc":{"start":{"line":7,"column":34},"end":{"line":15,"column":7}},"line":7},"2":{"name":"(anonymous_2)","decl":{"start":{"line":17,"column":14},"end":{"line":17,"column":15}},"loc":{"start":{"line":17,"column":20},"end":{"line":19,"column":5}},"line":17}},"branchMap":{},"s":{"0":1,"1":3,"2":3,"3":1,"4":1,"5":1,"6":1,"7":3,"8":1,"9":3},"f":{"0":3,"1":1,"2":1},"b":{},"_coverageSchema":"1a1c01bbd47fc00a2c39e90264f33305004495a9","hash":"81ba4a21577e0bbb5b824aee687a6683f6064f8b"}
,"D:\\Namaste React\\13- Time for Test\\store\\appStore.js": {"path":"D:\\Namaste React\\13- Time for Test\\store\\appStore.js","statementMap":{"0":{"start":{"line":4,"column":17},"end":{"line":10,"column":2}}},"fnMap":{},"branchMap":{},"s":{"0":2},"f":{},"b":{},"_coverageSchema":"1a1c01bbd47fc00a2c39e90264f33305004495a9","hash":"68bc6c84fe611334b04b0c33c01ee0e6417e6b0e"}
}
