TN:
SF:src\components\Body.js
FN:8,(anonymous_0)
FN:17,(anonymous_1)
FN:21,(anonymous_2)
FN:39,(anonymous_3)
FN:40,(anonymous_4)
FN:46,(anonymous_5)
FN:47,(anonymous_6)
FN:55,(anonymous_7)
FN:62,(anonymous_8)
FN:102,(anonymous_9)
FNF:10
FNH:9
FNDA:7,(anonymous_0)
FNDA:2,(anonymous_1)
FNDA:2,(anonymous_2)
FNDA:1,(anonymous_3)
FNDA:9,(anonymous_4)
FNDA:1,(anonymous_5)
FNDA:9,(anonymous_6)
FNDA:0,(anonymous_7)
FNDA:1,(anonymous_8)
FNDA:35,(anonymous_9)
DA:8,1
DA:10,7
DA:11,7
DA:12,7
DA:15,7
DA:17,7
DA:18,2
DA:21,7
DA:22,2
DA:26,2
DA:29,2
DA:32,2
DA:33,2
DA:39,7
DA:40,9
DA:42,1
DA:46,7
DA:47,1
DA:48,9
DA:52,1
DA:55,7
DA:56,0
DA:57,0
DA:62,7
DA:63,1
DA:66,7
DA:68,7
DA:69,0
DA:73,7
DA:105,35
LF:30
LH:27
BRDA:68,0,0,0
BRDA:68,0,1,7
BRDA:73,1,0,2
BRDA:73,1,1,5
BRDA:110,2,0,28
BRDA:110,2,1,7
BRF:6
BRH:5
end_of_record
TN:
SF:src\components\Cart.js
FN:7,(anonymous_0)
FN:10,(anonymous_1)
FN:17,(anonymous_2)
FNF:3
FNH:3
FNDA:4,(anonymous_0)
FNDA:8,(anonymous_1)
FNDA:1,(anonymous_2)
DA:7,1
DA:10,8
DA:12,4
DA:14,4
DA:17,4
DA:18,1
DA:21,4
LF:7
LH:7
BRDA:36,0,0,4
BRDA:36,0,1,2
BRF:2
BRH:2
end_of_record
TN:
SF:src\components\Contact.js
FN:3,(anonymous_0)
FNF:1
FNH:1
FNDA:2,(anonymous_0)
DA:3,1
DA:4,2
LF:2
LH:2
BRF:0
BRH:0
end_of_record
TN:
SF:src\components\Header.js
FN:8,(anonymous_0)
FN:14,(anonymous_1)
FNF:2
FNH:2
FNDA:7,(anonymous_0)
FNDA:14,(anonymous_1)
DA:8,2
DA:14,14
DA:17,7
DA:18,7
DA:20,7
LF:5
LH:5
BRDA:28,0,0,7
BRDA:28,0,1,0
BRF:2
BRH:1
end_of_record
TN:
SF:src\components\ItemList.js
FN:8,(anonymous_0)
FN:40,(anonymous_1)
FN:50,(anonymous_2)
FN:52,(anonymous_3)
FN:66,(anonymous_4)
FN:99,(anonymous_5)
FN:106,(anonymous_6)
FNF:7
FNH:6
FNDA:9,(anonymous_0)
FNDA:2,(anonymous_1)
FNDA:5,(anonymous_2)
FNDA:19,(anonymous_3)
FNDA:38,(anonymous_4)
FNDA:0,(anonymous_5)
FNDA:2,(anonymous_6)
DA:8,1
DA:9,9
DA:10,9
DA:11,9
DA:40,9
DA:41,2
DA:42,0
DA:45,2
DA:50,9
DA:51,5
DA:52,5
DA:53,19
DA:57,5
DA:61,9
DA:67,38
DA:99,0
DA:106,2
LF:17
LH:15
BRDA:41,0,0,0
BRDA:41,0,1,2
BRDA:53,1,0,19
BRDA:53,1,1,0
BRDA:77,2,0,38
BRDA:77,2,1,0
BRDA:85,3,0,38
BRDA:85,3,1,0
BRDA:96,4,0,6
BRDA:96,4,1,32
BRDA:117,5,0,9
BRDA:117,5,1,7
BRDA:118,6,0,4
BRDA:118,6,1,3
BRF:14
BRH:10
end_of_record
TN:
SF:src\components\RestaurantCard.js
FN:2,(anonymous_0)
FN:41,(anonymous_1)
FN:43,(anonymous_2)
FNF:3
FNH:3
FNDA:36,(anonymous_0)
FNDA:7,(anonymous_1)
FNDA:28,(anonymous_2)
DA:2,2
DA:4,36
DA:15,36
DA:17,36
DA:22,36
DA:41,2
DA:43,7
DA:45,28
LF:8
LH:8
BRDA:30,0,0,36
BRDA:30,0,1,0
BRF:2
BRH:1
end_of_record
TN:
SF:src\components\RestaurantMenu.js
FN:7,(anonymous_0)
FN:37,(anonymous_1)
FN:58,(anonymous_2)
FN:63,(anonymous_3)
FNF:4
FNH:4
FNDA:3,(anonymous_0)
FNDA:28,(anonymous_1)
FNDA:22,(anonymous_2)
FNDA:2,(anonymous_3)
DA:7,1
DA:12,3
DA:14,3
DA:16,3
DA:24,3
DA:33,3
DA:36,3
DA:38,28
DA:41,3
DA:43,3
DA:45,2
DA:59,22
DA:63,2
LF:13
LH:13
BRDA:43,0,0,1
BRDA:43,0,1,2
BRDA:62,1,0,1
BRDA:62,1,1,21
BRF:4
BRH:4
end_of_record
TN:
SF:src\components\ResturantCategory.js
FN:4,(anonymous_0)
FN:7,(anonymous_1)
FNF:2
FNH:2
FNDA:22,(anonymous_0)
FNDA:2,(anonymous_1)
DA:4,1
DA:7,22
DA:8,2
DA:9,2
DA:10,2
DA:11,1
DA:13,1
DA:18,22
LF:8
LH:8
BRDA:10,0,0,1
BRDA:10,0,1,1
BRDA:10,1,0,2
BRDA:10,1,1,1
BRDA:30,2,0,22
BRDA:30,2,1,1
BRF:6
BRH:6
end_of_record
TN:
SF:src\components\Shimmer.js
FN:1,(anonymous_0)
FNF:1
FNH:1
FNDA:3,(anonymous_0)
DA:1,2
DA:3,3
LF:2
LH:2
BRF:0
BRH:0
end_of_record
TN:
SF:src\components\Sum.js
FN:1,(anonymous_0)
FNF:1
FNH:1
FNDA:1,(anonymous_0)
DA:1,1
DA:2,1
LF:2
LH:2
BRF:0
BRH:0
end_of_record
TN:
SF:src\context\UserContext.js
FNF:0
FNH:0
DA:3,2
LF:1
LH:1
BRF:0
BRH:0
end_of_record
TN:
SF:src\slices\cartSlice.js
FN:9,(anonymous_0)
FN:12,(anonymous_1)
FN:13,(anonymous_2)
FN:15,(anonymous_3)
FNF:4
FNH:2
FNDA:2,(anonymous_0)
FNDA:0,(anonymous_1)
FNDA:0,(anonymous_2)
FNDA:1,(anonymous_3)
DA:3,2
DA:10,2
DA:13,0
DA:16,1
DA:22,2
LF:5
LH:4
BRF:0
BRH:0
end_of_record
TN:
SF:src\utils\constants.js
FNF:0
FNH:0
DA:1,4
DA:3,4
LF:2
LH:2
BRF:0
BRH:0
end_of_record
TN:
SF:src\utils\useOnlineStatus.js
FN:2,(anonymous_0)
FN:6,(anonymous_1)
FN:8,(anonymous_2)
FNF:3
FNH:2
FNDA:14,(anonymous_0)
FNDA:6,(anonymous_1)
FNDA:0,(anonymous_2)
DA:2,3
DA:4,14
DA:6,14
DA:8,6
DA:9,0
DA:13,14
LF:6
LH:5
BRF:0
BRH:0
end_of_record
TN:
SF:src\utils\useRestaurantMenu.js
FN:2,(anonymous_0)
FN:7,(anonymous_1)
FN:17,(anonymous_2)
FNF:3
FNH:3
FNDA:3,(anonymous_0)
FNDA:1,(anonymous_1)
FNDA:1,(anonymous_2)
DA:2,1
DA:4,3
DA:7,3
DA:8,1
DA:10,1
DA:11,1
DA:12,1
DA:17,3
DA:18,1
DA:21,3
LF:10
LH:10
BRF:0
BRH:0
end_of_record
TN:
SF:store\appStore.js
FNF:0
FNH:0
DA:4,2
LF:1
LH:1
BRF:0
BRH:0
end_of_record
